Timestamp: 2/4/2021 12:31:53 PM

Message: HandlingInstanceID: e0fab21f-d56d-47d8-936b-8a948c903e61
An exception of type 'System.Web.HttpException' occurred and was caught.
------------------------------------------------------------------------
02/04/2021 12:31:53
Type : System.Web.HttpException, System.Web, Version=4.0.0.0, Culture=neutral, PublicKeyToken=b03f5f7f11d50a3a
Message : The controller for path '/token/create' was not found or does not implement IController.
Source : System.Web.Mvc
Help link : 
WebEventCode : 0
ErrorCode : -2147467259
Data : System.Collections.ListDictionaryInternal
TargetSite : System.Web.Mvc.IController GetControllerInstance(System.Web.Routing.RequestContext, System.Type)
HResult : -2147467259
Stack Trace :    at System.Web.Mvc.DefaultControllerFactory.GetControllerInstance(RequestContext requestContext, Type controllerType)
   at System.Web.Mvc.DefaultControllerFactory.CreateController(RequestContext requestContext, String controllerName)
   at System.Web.Mvc.MvcHandler.ProcessRequestInit(HttpContextBase httpContext, IController& controller, IControllerFactory& factory)
   at System.Web.Mvc.MvcHandler.BeginProcessRequest(HttpContextBase httpContext, AsyncCallback callback, Object state)
   at System.Web.Mvc.MvcHandler.BeginProcessRequest(HttpContext httpContext, AsyncCallback callback, Object state)
   at System.Web.Mvc.MvcHandler.System.Web.IHttpAsyncHandler.BeginProcessRequest(HttpContext context, AsyncCallback cb, Object extraData)
   at System.Web.HttpApplication.CallHandlerExecutionStep.System.Web.HttpApplication.IExecutionStep.Execute()
   at System.Web.HttpApplication.ExecuteStepImpl(IExecutionStep step)
   at System.Web.HttpApplication.ExecuteStep(IExecutionStep step, Boolean& completedSynchronously)

Additional Info:

MachineName : MTS0091
TimeStamp : 2/4/2021 7:01:53 AM
FullName : Microsoft.Practices.EnterpriseLibrary.ExceptionHandling, Version=6.0.0.0, Culture=neutral, PublicKeyToken=31bf3856ad364e35
AppDomainName : /LM/W3SVC/2/ROOT-1-132568956348736015
ThreadIdentity : 
WindowsIdentity : MTS0091\mtsuser


Category: General
EventID: 9000
Priority: 0
Severity: ErrorTitile: Enterprise Library Exception Handling
----------------------------------------
Timestamp: 2/4/2021 1:49:12 PM

Message: HandlingInstanceID: 01ef7af4-9d60-4771-8eb5-06806b601b7b
An exception of type 'System.FormatException' occurred and was caught.
----------------------------------------------------------------------
02/04/2021 13:49:12
Type : System.FormatException, mscorlib, Version=4.0.0.0, Culture=neutral, PublicKeyToken=b77a5c561934e089
Message : The input is not a valid Base-64 string as it contains a non-base 64 character, more than two padding characters, or an illegal character among the padding characters. 
Source : mscorlib
Help link : 
Data : System.Collections.ListDictionaryInternal
TargetSite : Int32 FromBase64_Decode(Char*, Int32, Byte*, Int32)
HResult : -2146233033
Stack Trace :    at System.Convert.FromBase64_Decode(Char* startInputPtr, Int32 inputLength, Byte* startDestPtr, Int32 destLength)
   at System.Convert.FromBase64CharPtr(Char* inputPtr, Int32 inputLength)
   at System.Convert.FromBase64String(String s)
   at MTSEntBlocks.UtilsBlock.EnDecryptor.DecryptAES(String encryptedData) in D:\Prakash\GitHub\EncompassRepo\IntellaLendBlocks\UtilsBlock\EnDecryptor.cs:line 72
   at IntellaLendAPI.Controllers.TokenController.Create() in D:\Prakash\GitHub\EncompassRepo\IntellaLendAPI\IntellaLendAPI\Controllers\TokenController.cs:line 25

Additional Info:

MachineName : MTS0091
TimeStamp : 2/4/2021 8:19:12 AM
FullName : Microsoft.Practices.EnterpriseLibrary.ExceptionHandling, Version=6.0.0.0, Culture=neutral, PublicKeyToken=31bf3856ad364e35
AppDomainName : /LM/W3SVC/2/ROOT-1-132569002524343546
ThreadIdentity : 
WindowsIdentity : MTS0091\mtsuser


Category: General
EventID: 9000
Priority: 0
Severity: ErrorTitile: Enterprise Library Exception Handling
----------------------------------------
Timestamp: 2/4/2021 1:50:06 PM

Message: HandlingInstanceID: ce592167-a661-4b31-9db1-9c1677706797
An exception of type 'System.FormatException' occurred and was caught.
----------------------------------------------------------------------
02/04/2021 13:50:06
Type : System.FormatException, mscorlib, Version=4.0.0.0, Culture=neutral, PublicKeyToken=b77a5c561934e089
Message : The input is not a valid Base-64 string as it contains a non-base 64 character, more than two padding characters, or an illegal character among the padding characters. 
Source : mscorlib
Help link : 
Data : System.Collections.ListDictionaryInternal
TargetSite : Int32 FromBase64_Decode(Char*, Int32, Byte*, Int32)
HResult : -2146233033
Stack Trace :    at System.Convert.FromBase64_Decode(Char* startInputPtr, Int32 inputLength, Byte* startDestPtr, Int32 destLength)
   at System.Convert.FromBase64CharPtr(Char* inputPtr, Int32 inputLength)
   at System.Convert.FromBase64String(String s)
   at MTSEntBlocks.UtilsBlock.EnDecryptor.DecryptAES(String encryptedData) in D:\Prakash\GitHub\EncompassRepo\IntellaLendBlocks\UtilsBlock\EnDecryptor.cs:line 72
   at IntellaLendAPI.Controllers.TokenController.Create() in D:\Prakash\GitHub\EncompassRepo\IntellaLendAPI\IntellaLendAPI\Controllers\TokenController.cs:line 25

Additional Info:

MachineName : MTS0091
TimeStamp : 2/4/2021 8:20:06 AM
FullName : Microsoft.Practices.EnterpriseLibrary.ExceptionHandling, Version=6.0.0.0, Culture=neutral, PublicKeyToken=31bf3856ad364e35
AppDomainName : /LM/W3SVC/2/ROOT-1-132569002524343546
ThreadIdentity : 
WindowsIdentity : MTS0091\mtsuser


Category: General
EventID: 9000
Priority: 0
Severity: ErrorTitile: Enterprise Library Exception Handling
----------------------------------------
