Timestamp: 8/1/2020 12:12:57 PM

Message: HandlingInstanceID: 378f9856-32ed-4f2a-85c4-389997a788c1
An exception of type 'IntellaLend.ExceptionHandler.AngularWebException' occurred and was caught.
------------------------------------------------------------------------------------------------
08/01/2020 12:12:57
Type : IntellaLend.ExceptionHandler.AngularWebException, IntellaLend.ExceptionHandler, Version=2020.8.1.1210, Culture=neutral, PublicKeyToken=null
Message : Web TimeStamp: 2020-08-01T06:42:46.553Z. Token is NULL for the request(Menu/GetMenuList). Check API for further logs.
Source : 
Help link : 
Data : System.Collections.ListDictionaryInternal
TargetSite : 
HResult : -2146233088
Stack Trace : Token is NULL for the request(Menu/GetMenuList). Check API for further logs.

Additional Info:

MachineName : MTS0094
TimeStamp : 8/1/2020 6:42:57 AM
FullName : Microsoft.Practices.EnterpriseLibrary.ExceptionHandling, Version=6.0.0.0, Culture=neutral, PublicKeyToken=31bf3856ad364e35
AppDomainName : /LM/W3SVC/2/ROOT-1-132407377001481426
ThreadIdentity : 
WindowsIdentity : MTS0094\mtsuser


Category: UIErrorLog
EventID: 4000
Priority: 0
Severity: ErrorTitile: Angular UI Exception
----------------------------------
