Timestamp: 8/11/2020 4:03:42 PM

Message: HandlingInstanceID: 0a6e7224-0b4f-410d-a4e3-304f241db251
An exception of type 'IntellaLend.ExceptionHandler.AngularWebException' occurred and was caught.
------------------------------------------------------------------------------------------------
08/11/2020 16:03:42
Type : IntellaLend.ExceptionHandler.AngularWebException, IntellaLend.ExceptionHandler, Version=2020.8.11.1602, Culture=neutral, PublicKeyToken=null
Message : Web TimeStamp: 2020-08-11T10:33:38.492Z. Token is NULL for the request(FileUpload/GenrateUserBoxToken). Check API for further logs.
Source : 
Help link : 
Data : System.Collections.ListDictionaryInternal
TargetSite : 
HResult : -2146233088
Stack Trace : Token is NULL for the request(FileUpload/GenrateUserBoxToken). Check API for further logs.

Additional Info:

MachineName : MTS0094
TimeStamp : 8/11/2020 10:33:42 AM
FullName : Microsoft.Practices.EnterpriseLibrary.ExceptionHandling, Version=6.0.0.0, Culture=neutral, PublicKeyToken=31bf3856ad364e35
AppDomainName : /LM/W3SVC/2/ROOT-1-132416155644246931
ThreadIdentity : 
WindowsIdentity : MTS0094\mtsuser


Category: UIErrorLog
EventID: 4000
Priority: 0
Severity: ErrorTitile: Angular UI Exception
----------------------------------
Timestamp: 8/11/2020 4:14:44 PM

Message: HandlingInstanceID: 9d0ca2eb-d09e-4a92-8192-f00e73c935df
An exception of type 'IntellaLend.ExceptionHandler.AngularWebException' occurred and was caught.
------------------------------------------------------------------------------------------------
08/11/2020 16:14:44
Type : IntellaLend.ExceptionHandler.AngularWebException, IntellaLend.ExceptionHandler, Version=2020.8.11.1602, Culture=neutral, PublicKeyToken=null
Message : Web TimeStamp: 2020-08-11T10:44:44.534Z. Token is NULL for the request(FileUpload/GenrateUserBoxToken). Check API for further logs.
Source : 
Help link : 
Data : System.Collections.ListDictionaryInternal
TargetSite : 
HResult : -2146233088
Stack Trace : Token is NULL for the request(FileUpload/GenrateUserBoxToken). Check API for further logs.

Additional Info:

MachineName : MTS0094
TimeStamp : 8/11/2020 10:44:44 AM
FullName : Microsoft.Practices.EnterpriseLibrary.ExceptionHandling, Version=6.0.0.0, Culture=neutral, PublicKeyToken=31bf3856ad364e35
AppDomainName : /LM/W3SVC/2/ROOT-1-132416162031681928
ThreadIdentity : 
WindowsIdentity : MTS0094\mtsuser


Category: UIErrorLog
EventID: 4000
Priority: 0
Severity: ErrorTitile: Angular UI Exception
----------------------------------
Timestamp: 8/11/2020 4:19:02 PM

Message: HandlingInstanceID: db72b32a-6aba-40df-a464-22d1bbebe51f
An exception of type 'IntellaLend.ExceptionHandler.AngularWebException' occurred and was caught.
------------------------------------------------------------------------------------------------
08/11/2020 16:19:02
Type : IntellaLend.ExceptionHandler.AngularWebException, IntellaLend.ExceptionHandler, Version=2020.8.11.1602, Culture=neutral, PublicKeyToken=null
Message : Web TimeStamp: 2020-08-11T10:49:02.113Z. Token is NULL for the request(FileUpload/GenrateUserBoxToken). Check API for further logs.
Source : 
Help link : 
Data : System.Collections.ListDictionaryInternal
TargetSite : 
HResult : -2146233088
Stack Trace : Token is NULL for the request(FileUpload/GenrateUserBoxToken). Check API for further logs.

Additional Info:

MachineName : MTS0094
TimeStamp : 8/11/2020 10:49:02 AM
FullName : Microsoft.Practices.EnterpriseLibrary.ExceptionHandling, Version=6.0.0.0, Culture=neutral, PublicKeyToken=31bf3856ad364e35
AppDomainName : /LM/W3SVC/2/ROOT-1-132416162031681928
ThreadIdentity : 
WindowsIdentity : MTS0094\mtsuser


Category: UIErrorLog
EventID: 4000
Priority: 0
Severity: ErrorTitile: Angular UI Exception
----------------------------------
Timestamp: 8/12/2020 12:22:37 PM

Message: HandlingInstanceID: db0b3785-6bea-4472-aa53-28136f9a2cfc
An exception of type 'IntellaLend.ExceptionHandler.AngularWebException' occurred and was caught.
------------------------------------------------------------------------------------------------
08/12/2020 12:22:37
Type : IntellaLend.ExceptionHandler.AngularWebException, IntellaLend.ExceptionHandler, Version=2020.8.12.1221, Culture=neutral, PublicKeyToken=null
Message : Web TimeStamp: 2020-08-12T06:52:16.290Z. Cannot read property 'isStock' of undefined
Source : 
Help link : 
Data : System.Collections.ListDictionaryInternal
TargetSite : 
HResult : -2146233088
Stack Trace : Cannot read property 'isStock' of undefined

Additional Info:

MachineName : MTS0094
TimeStamp : 8/12/2020 6:52:37 AM
FullName : Microsoft.Practices.EnterpriseLibrary.ExceptionHandling, Version=6.0.0.0, Culture=neutral, PublicKeyToken=31bf3856ad364e35
AppDomainName : /LM/W3SVC/2/ROOT-1-132416886958312614
ThreadIdentity : 
WindowsIdentity : MTS0094\mtsuser


Category: UIErrorLog
EventID: 4000
Priority: 0
Severity: ErrorTitile: Angular UI Exception
----------------------------------
Timestamp: 8/12/2020 12:22:37 PM

Message: HandlingInstanceID: 99d36f64-f52a-45d7-81d5-24f4c45573b3
An exception of type 'IntellaLend.ExceptionHandler.AngularWebException' occurred and was caught.
------------------------------------------------------------------------------------------------
08/12/2020 12:22:37
Type : IntellaLend.ExceptionHandler.AngularWebException, IntellaLend.ExceptionHandler, Version=2020.8.12.1221, Culture=neutral, PublicKeyToken=null
Message : Web TimeStamp: 2020-08-12T06:52:15.616Z. Cannot read property '0' of undefined
Source : 
Help link : 
Data : System.Collections.ListDictionaryInternal
TargetSite : 
HResult : -2146233088
Stack Trace : Cannot read property '0' of undefined

Additional Info:

MachineName : MTS0094
TimeStamp : 8/12/2020 6:52:37 AM
FullName : Microsoft.Practices.EnterpriseLibrary.ExceptionHandling, Version=6.0.0.0, Culture=neutral, PublicKeyToken=31bf3856ad364e35
AppDomainName : /LM/W3SVC/2/ROOT-1-132416886958312614
ThreadIdentity : 
WindowsIdentity : MTS0094\mtsuser


Category: UIErrorLog
EventID: 4000
Priority: 0
Severity: ErrorTitile: Angular UI Exception
----------------------------------
