Timestamp: 8/9/2020 1:52:43 AM

Message: HandlingInstanceID: 578fcdd5-8836-4289-8e8e-a459e93ec647
An exception of type 'System.NullReferenceException' occurred and was caught.
-----------------------------------------------------------------------------
08/09/2020 01:52:43
Type : System.NullReferenceException, mscorlib, Version=4.0.0.0, Culture=neutral, PublicKeyToken=b77a5c561934e089
Message : Object reference not set to an instance of an object.
Source : EphesoftService
Help link : 
Data : System.Collections.ListDictionaryInternal
TargetSite : System.Collections.Generic.List`1[EphesoftService.Models.DocumentField] GetDocumentFields(System.Xml.XPath.XPathNavigator)
HResult : -2147467261
Stack Trace :    at EphesoftService.UtilFunctions.GetDocumentFields(XPathNavigator document) in D:\Prakash\GitHub\ILProduct\Ephesoft\EphesoftService\Services\UtilFunctions.cs:line 175
   at EphesoftService.Controllers.DocumentController.MergeConfigDocuments(Int32 configID) in D:\Prakash\GitHub\ILProduct\Ephesoft\EphesoftService\Controllers\DocumentController.cs:line 174
   at EphesoftService.Controllers.DocumentController.MergeConfigDocuments() in D:\Prakash\GitHub\ILProduct\Ephesoft\EphesoftService\Controllers\DocumentController.cs:line 133

Additional Info:

MachineName : MTS0094
TimeStamp : 8/8/2020 8:22:43 PM
FullName : Microsoft.Practices.EnterpriseLibrary.ExceptionHandling, Version=6.0.0.0, Culture=neutral, PublicKeyToken=31bf3856ad364e35
AppDomainName : /LM/W3SVC/2/ROOT-1-132413917414759592
ThreadIdentity : 
WindowsIdentity : MTS0094\mtsuser


Category: General
EventID: 9000
Priority: 0
Severity: ErrorTitile: Enterprise Library Exception Handling
----------------------------------------
Timestamp: 8/9/2020 1:59:32 AM

Message: HandlingInstanceID: 60d5204f-cec3-48e9-a86b-4b22792fe63a
An exception of type 'System.NullReferenceException' occurred and was caught.
-----------------------------------------------------------------------------
08/09/2020 01:59:32
Type : System.NullReferenceException, mscorlib, Version=4.0.0.0, Culture=neutral, PublicKeyToken=b77a5c561934e089
Message : Object reference not set to an instance of an object.
Source : EphesoftService
Help link : 
Data : System.Collections.ListDictionaryInternal
TargetSite : System.Collections.Generic.List`1[EphesoftService.Models.DocumentField] GetDocumentFields(System.Xml.XPath.XPathNavigator)
HResult : -2147467261
Stack Trace :    at EphesoftService.UtilFunctions.GetDocumentFields(XPathNavigator document) in D:\Prakash\GitHub\ILProduct\Ephesoft\EphesoftService\Services\UtilFunctions.cs:line 175
   at EphesoftService.Controllers.DocumentController.MergeConfigDocuments(Int32 configID) in D:\Prakash\GitHub\ILProduct\Ephesoft\EphesoftService\Controllers\DocumentController.cs:line 174
   at EphesoftService.Controllers.DocumentController.MergeConfigDocuments() in D:\Prakash\GitHub\ILProduct\Ephesoft\EphesoftService\Controllers\DocumentController.cs:line 133

Additional Info:

MachineName : MTS0094
TimeStamp : 8/8/2020 8:29:32 PM
FullName : Microsoft.Practices.EnterpriseLibrary.ExceptionHandling, Version=6.0.0.0, Culture=neutral, PublicKeyToken=31bf3856ad364e35
AppDomainName : /LM/W3SVC/2/ROOT-1-132413919258769946
ThreadIdentity : 
WindowsIdentity : MTS0094\mtsuser


Category: General
EventID: 9000
Priority: 0
Severity: ErrorTitile: Enterprise Library Exception Handling
----------------------------------------
Timestamp: 8/9/2020 2:05:46 AM

Message: HandlingInstanceID: 5ab7e727-608e-4d25-b69a-2687edf6cf55
An exception of type 'System.NullReferenceException' occurred and was caught.
-----------------------------------------------------------------------------
08/09/2020 02:05:46
Type : System.NullReferenceException, mscorlib, Version=4.0.0.0, Culture=neutral, PublicKeyToken=b77a5c561934e089
Message : Object reference not set to an instance of an object.
Source : EphesoftService
Help link : 
Data : System.Collections.ListDictionaryInternal
TargetSite : System.Collections.Generic.List`1[EphesoftService.Models.DocumentField] GetDocumentFields(System.Xml.XPath.XPathNavigator)
HResult : -2147467261
Stack Trace :    at EphesoftService.UtilFunctions.GetDocumentFields(XPathNavigator document) in D:\Prakash\GitHub\ILProduct\Ephesoft\EphesoftService\Services\UtilFunctions.cs:line 175
   at EphesoftService.Controllers.DocumentController.MergeConfigDocuments(Int32 configID) in D:\Prakash\GitHub\ILProduct\Ephesoft\EphesoftService\Controllers\DocumentController.cs:line 174
   at EphesoftService.Controllers.DocumentController.MergeConfigDocuments() in D:\Prakash\GitHub\ILProduct\Ephesoft\EphesoftService\Controllers\DocumentController.cs:line 133

Additional Info:

MachineName : MTS0094
TimeStamp : 8/8/2020 8:35:46 PM
FullName : Microsoft.Practices.EnterpriseLibrary.ExceptionHandling, Version=6.0.0.0, Culture=neutral, PublicKeyToken=31bf3856ad364e35
AppDomainName : /LM/W3SVC/2/ROOT-1-132413924894906200
ThreadIdentity : 
WindowsIdentity : MTS0094\mtsuser


Category: General
EventID: 9000
Priority: 0
Severity: ErrorTitile: Enterprise Library Exception Handling
----------------------------------------
Timestamp: 8/9/2020 3:39:36 PM

Message: HandlingInstanceID: c5233432-67c4-4ea3-b661-07e0b4d3386e
An exception of type 'System.NullReferenceException' occurred and was caught.
-----------------------------------------------------------------------------
08/09/2020 15:39:36
Type : System.NullReferenceException, mscorlib, Version=4.0.0.0, Culture=neutral, PublicKeyToken=b77a5c561934e089
Message : Object reference not set to an instance of an object.
Source : EphesoftService
Help link : 
Data : System.Collections.ListDictionaryInternal
TargetSite : Void AddDataTableToDocument(System.Xml.XPath.XPathNavigator, EphesoftService.Models.DataTable)
HResult : -2147467261
Stack Trace :    at EphesoftService.UtilFunctions.AddDataTableToDocument(XPathNavigator document, DataTable fieldToTable) in D:\Prakash\GitHub\ILProduct\Ephesoft\EphesoftService\Services\UtilFunctions.cs:line 95
   at EphesoftService.Controllers.DocumentController.MergeConfigDocuments(Int32 configID) in D:\Prakash\GitHub\ILProduct\Ephesoft\EphesoftService\Controllers\DocumentController.cs:line 178
   at EphesoftService.Controllers.DocumentController.MergeConfigDocuments() in D:\Prakash\GitHub\ILProduct\Ephesoft\EphesoftService\Controllers\DocumentController.cs:line 133

Additional Info:

MachineName : MTS0094
TimeStamp : 8/9/2020 10:09:36 AM
FullName : Microsoft.Practices.EnterpriseLibrary.ExceptionHandling, Version=6.0.0.0, Culture=neutral, PublicKeyToken=31bf3856ad364e35
AppDomainName : /LM/W3SVC/2/ROOT-1-132414408692498812
ThreadIdentity : 
WindowsIdentity : MTS0094\mtsuser


Category: General
EventID: 9000
Priority: 0
Severity: ErrorTitile: Enterprise Library Exception Handling
----------------------------------------
Timestamp: 8/9/2020 4:31:57 PM

Message: HandlingInstanceID: 6420dc76-093a-45f7-952e-4dd7585c7915
An exception of type 'System.InvalidOperationException' occurred and was caught.
--------------------------------------------------------------------------------
08/09/2020 16:31:57
Type : System.InvalidOperationException, mscorlib, Version=4.0.0.0, Culture=neutral, PublicKeyToken=b77a5c561934e089
Message : The current position of the navigator is missing a valid parent.
Source : System.Xml
Help link : 
Data : System.Collections.ListDictionaryInternal
TargetSite : Void DeleteToFollowingSibling(System.Xml.XmlNode, System.Xml.XmlNode)
HResult : -2146233079
Stack Trace :    at System.Xml.DocumentXPathNavigator.DeleteToFollowingSibling(XmlNode node, XmlNode end)
   at System.Xml.DocumentXPathNavigator.DeleteRange(XPathNavigator lastSiblingToDelete)
   at EphesoftService.UtilFunctions.SortDocumentPages(XPathNavigator docNavigator) in D:\Prakash\GitHub\ILProduct\Ephesoft\EphesoftService\Services\UtilFunctions.cs:line 1117
   at EphesoftService.Controllers.DocumentController.MergeConfigDocuments(Int32 configID) in D:\Prakash\GitHub\ILProduct\Ephesoft\EphesoftService\Controllers\DocumentController.cs:line 187
   at EphesoftService.Controllers.DocumentController.MergeConfigDocuments() in D:\Prakash\GitHub\ILProduct\Ephesoft\EphesoftService\Controllers\DocumentController.cs:line 133

Additional Info:

MachineName : MTS0094
TimeStamp : 8/9/2020 11:01:57 AM
FullName : Microsoft.Practices.EnterpriseLibrary.ExceptionHandling, Version=6.0.0.0, Culture=neutral, PublicKeyToken=31bf3856ad364e35
AppDomainName : /LM/W3SVC/2/ROOT-1-132414444894078970
ThreadIdentity : 
WindowsIdentity : MTS0094\mtsuser


Category: General
EventID: 9000
Priority: 0
Severity: ErrorTitile: Enterprise Library Exception Handling
----------------------------------------
Timestamp: 8/9/2020 4:34:55 PM

Message: HandlingInstanceID: 438bd20a-5808-45b8-9647-ae673dae0e83
An exception of type 'System.InvalidOperationException' occurred and was caught.
--------------------------------------------------------------------------------
08/09/2020 16:34:55
Type : System.InvalidOperationException, mscorlib, Version=4.0.0.0, Culture=neutral, PublicKeyToken=b77a5c561934e089
Message : The current position of the navigator is missing a valid parent.
Source : System.Xml
Help link : 
Data : System.Collections.ListDictionaryInternal
TargetSite : Void DeleteToFollowingSibling(System.Xml.XmlNode, System.Xml.XmlNode)
HResult : -2146233079
Stack Trace :    at System.Xml.DocumentXPathNavigator.DeleteToFollowingSibling(XmlNode node, XmlNode end)
   at System.Xml.DocumentXPathNavigator.DeleteRange(XPathNavigator lastSiblingToDelete)
   at EphesoftService.UtilFunctions.SortDocumentPages(XPathNavigator docNavigator) in D:\Prakash\GitHub\ILProduct\Ephesoft\EphesoftService\Services\UtilFunctions.cs:line 1117
   at EphesoftService.Controllers.DocumentController.MergeConfigDocuments(Int32 configID) in D:\Prakash\GitHub\ILProduct\Ephesoft\EphesoftService\Controllers\DocumentController.cs:line 187
   at EphesoftService.Controllers.DocumentController.MergeConfigDocuments() in D:\Prakash\GitHub\ILProduct\Ephesoft\EphesoftService\Controllers\DocumentController.cs:line 133

Additional Info:

MachineName : MTS0094
TimeStamp : 8/9/2020 11:04:55 AM
FullName : Microsoft.Practices.EnterpriseLibrary.ExceptionHandling, Version=6.0.0.0, Culture=neutral, PublicKeyToken=31bf3856ad364e35
AppDomainName : /LM/W3SVC/2/ROOT-1-132414444894078970
ThreadIdentity : 
WindowsIdentity : MTS0094\mtsuser


Category: General
EventID: 9000
Priority: 0
Severity: ErrorTitile: Enterprise Library Exception Handling
----------------------------------------
Timestamp: 8/9/2020 4:36:07 PM

Message: HandlingInstanceID: 6863ce20-bd42-47c4-bc71-bcef049b5689
An exception of type 'System.InvalidOperationException' occurred and was caught.
--------------------------------------------------------------------------------
08/09/2020 16:36:07
Type : System.InvalidOperationException, mscorlib, Version=4.0.0.0, Culture=neutral, PublicKeyToken=b77a5c561934e089
Message : The current position of the navigator is missing a valid parent.
Source : System.Xml
Help link : 
Data : System.Collections.ListDictionaryInternal
TargetSite : Void DeleteToFollowingSibling(System.Xml.XmlNode, System.Xml.XmlNode)
HResult : -2146233079
Stack Trace :    at System.Xml.DocumentXPathNavigator.DeleteToFollowingSibling(XmlNode node, XmlNode end)
   at System.Xml.DocumentXPathNavigator.DeleteRange(XPathNavigator lastSiblingToDelete)
   at EphesoftService.UtilFunctions.SortDocumentPages(XPathNavigator docNavigator) in D:\Prakash\GitHub\ILProduct\Ephesoft\EphesoftService\Services\UtilFunctions.cs:line 1117
   at EphesoftService.Controllers.DocumentController.MergeConfigDocuments(Int32 configID) in D:\Prakash\GitHub\ILProduct\Ephesoft\EphesoftService\Controllers\DocumentController.cs:line 187
   at EphesoftService.Controllers.DocumentController.MergeConfigDocuments() in D:\Prakash\GitHub\ILProduct\Ephesoft\EphesoftService\Controllers\DocumentController.cs:line 133

Additional Info:

MachineName : MTS0094
TimeStamp : 8/9/2020 11:06:07 AM
FullName : Microsoft.Practices.EnterpriseLibrary.ExceptionHandling, Version=6.0.0.0, Culture=neutral, PublicKeyToken=31bf3856ad364e35
AppDomainName : /LM/W3SVC/2/ROOT-1-132414444894078970
ThreadIdentity : 
WindowsIdentity : MTS0094\mtsuser


Category: General
EventID: 9000
Priority: 0
Severity: ErrorTitile: Enterprise Library Exception Handling
----------------------------------------
